<?xml version="1.0" encoding="UTF-8"?>
<!-- Generated by org.testng.reporters.JUnitXMLReporter -->
<testsuite hostname="Krishnavenis-MacBook-Air.local" ignored="3" name="Tsuites" tests="2" failures="1" timestamp="2021-11-21T17:08:55 IST" time="27.997" errors="0">
  <testcase name="ValidUserLoginCheck" time="5.654" classname="TSuites.Shopping"/>
  <testcase name="MedAddCart" time="12.427" classname="TSuites.Shopping">
    <failure type="java.lang.AssertionError" message="expected [http://localhost:8080/medicare/cart/show] but found [driver.getCurrentUrl();]">
      <![CDATA[java.lang.AssertionError: expected [http://localhost:8080/medicare/cart/show] but found [driver.getCurrentUrl();]
at pageobjects.AddCart.AddMedicine(AddCart.java:53)
at TSuites.Shopping.MedAddCart(Shopping.java:48)
at java.util.ArrayList.forEach(ArrayList.java:1259)
... Removed 33 stack frames]]>
    </failure>
  </testcase> <!-- MedAddCart -->
  <testcase name="InValidUserLoginCheck" time="0.0" classname="TSuites.Shopping">
    <ignored/>
  </testcase> <!-- InValidUserLoginCheck -->
  <testcase name="InValidPasswordLoginCheck" time="0.0" classname="TSuites.Shopping">
    <ignored/>
  </testcase> <!-- InValidPasswordLoginCheck -->
  <testcase name="ViewProductList" time="0.0" classname="TSuites.Shopping">
    <ignored/>
  </testcase> <!-- ViewProductList -->
</testsuite> <!-- Tsuites -->
