<?xml version="1.0" encoding="UTF-8"?>
<testng-results skipped="0" failed="1" ignored="3" total="5" passed="1">
  <reporter-output>
  </reporter-output>
  <suite name="medicarecaps" duration-ms="27997" started-at="2021-11-21T17:08:27 IST" finished-at="2021-11-21T17:08:55 IST">
    <groups>
    </groups>
    <test name="Tsuites" duration-ms="27997" started-at="2021-11-21T17:08:27 IST" finished-at="2021-11-21T17:08:55 IST">
      <class name="TSuites.Shopping">
        <test-method status="PASS" signature="setup()[pri:0, instance:TSuites.Shopping@25bbf683]" name="setup" is-config="true" duration-ms="9656" started-at="2021-11-21T17:08:27 IST" finished-at="2021-11-21T17:08:37 IST">
          <reporter-output>
          </reporter-output>
        </test-method> <!-- setup -->
        <test-method status="PASS" signature="ValidUserLoginCheck(java.lang.String,java.lang.String)[pri:2, instance:TSuites.Shopping@25bbf683]" name="ValidUserLoginCheck" duration-ms="5654" started-at="2021-11-21T17:08:37 IST" finished-at="2021-11-21T17:08:43 IST">
          <params>
            <param index="0">
              <value>
                <![CDATA[tu@gmail.com]]>
              </value>
            </param>
            <param index="1">
              <value>
                <![CDATA[12345]]>
              </value>
            </param>
          </params>
          <reporter-output>
          </reporter-output>
        </test-method> <!-- ValidUserLoginCheck -->
        <test-method status="FAIL" signature="MedAddCart(java.lang.String,java.lang.String)[pri:3, instance:TSuites.Shopping@25bbf683]" name="MedAddCart" duration-ms="12427" started-at="2021-11-21T17:08:43 IST" finished-at="2021-11-21T17:08:55 IST">
          <params>
            <param index="0">
              <value>
                <![CDATA[Combiflame]]>
              </value>
            </param>
            <param index="1">
              <value>
                <![CDATA[Amoxicillin]]>
              </value>
            </param>
          </params>
          <exception class="java.lang.AssertionError">
            <message>
              <![CDATA[expected [http://localhost:8080/medicare/cart/show] but found [driver.getCurrentUrl();]]]>
            </message>
            <full-stacktrace>
              <![CDATA[java.lang.AssertionError: expected [http://localhost:8080/medicare/cart/show] but found [driver.getCurrentUrl();]
at org.testng.Assert.fail(Assert.java:99)
at org.testng.Assert.failNotEquals(Assert.java:1037)
at org.testng.Assert.assertEqualsImpl(Assert.java:140)
at org.testng.Assert.assertEquals(Assert.java:122)
at org.testng.Assert.assertEquals(Assert.java:629)
at org.testng.Assert.assertEquals(Assert.java:639)
at pageobjects.AddCart.AddMedicine(AddCart.java:53)
at TSuites.Shopping.MedAddCart(Shopping.java:48)
at sun.reflect.NativeMethodAccessorImpl.invoke0(Native Method)
at sun.reflect.NativeMethodAccessorImpl.invoke(NativeMethodAccessorImpl.java:62)
at sun.reflect.DelegatingMethodAccessorImpl.invoke(DelegatingMethodAccessorImpl.java:43)
at java.lang.reflect.Method.invoke(Method.java:498)
at org.testng.internal.MethodInvocationHelper.invokeMethod(MethodInvocationHelper.java:133)
at org.testng.internal.TestInvoker.invokeMethod(TestInvoker.java:598)
at org.testng.internal.TestInvoker.invokeTestMethod(TestInvoker.java:173)
at org.testng.internal.MethodRunner.runInSequence(MethodRunner.java:46)
at org.testng.internal.TestInvoker$MethodInvocationAgent.invoke(TestInvoker.java:824)
at org.testng.internal.TestInvoker.invokeTestMethods(TestInvoker.java:146)
at org.testng.internal.TestMethodWorker.invokeTestMethods(TestMethodWorker.java:146)
at org.testng.internal.TestMethodWorker.run(TestMethodWorker.java:128)
at java.util.ArrayList.forEach(ArrayList.java:1259)
at org.testng.TestRunner.privateRun(TestRunner.java:794)
at org.testng.TestRunner.run(TestRunner.java:596)
at org.testng.SuiteRunner.runTest(SuiteRunner.java:377)
at org.testng.SuiteRunner.runSequentially(SuiteRunner.java:371)
at org.testng.SuiteRunner.privateRun(SuiteRunner.java:332)
at org.testng.SuiteRunner.run(SuiteRunner.java:276)
at org.testng.SuiteRunnerWorker.runSuite(SuiteRunnerWorker.java:53)
at org.testng.SuiteRunnerWorker.run(SuiteRunnerWorker.java:96)
at org.testng.TestNG.runSuitesSequentially(TestNG.java:1212)
at org.testng.TestNG.runSuitesLocally(TestNG.java:1134)
at org.testng.TestNG.runSuites(TestNG.java:1063)
at org.testng.TestNG.run(TestNG.java:1031)
at org.testng.remote.AbstractRemoteTestNG.run(AbstractRemoteTestNG.java:115)
at org.testng.remote.RemoteTestNG.initAndRun(RemoteTestNG.java:251)
at org.testng.remote.RemoteTestNG.main(RemoteTestNG.java:77)
]]>
            </full-stacktrace>
          </exception> <!-- java.lang.AssertionError -->
          <reporter-output>
          </reporter-output>
        </test-method> <!-- MedAddCart -->
        <test-method status="PASS" signature="TearDown()[pri:0, instance:TSuites.Shopping@25bbf683]" name="TearDown" is-config="true" duration-ms="103" started-at="2021-11-21T17:08:55 IST" finished-at="2021-11-21T17:08:55 IST">
          <reporter-output>
          </reporter-output>
        </test-method> <!-- TearDown -->
      </class> <!-- TSuites.Shopping -->
    </test> <!-- Tsuites -->
  </suite> <!-- medicarecaps -->
</testng-results>
